2018-02-21 13:57:27,290 - __main__ - INFO - updating records for gold
2018-02-21 13:57:28,583 - __main__ - INFO - updated today's record
2018-02-21 20:44:50,864 - __main__ - INFO - updating records for gold
2018-02-21 20:44:53,128 - __main__ - INFO - 1 records added
2018-02-21 20:46:38,691 - __main__ - INFO - updating records for gold
2018-02-21 20:46:40,014 - __main__ - INFO - updated today's record
2018-02-21 20:46:51,183 - __main__ - INFO - initial run...
2018-02-21 20:46:51,184 - __main__ - INFO - adding records for silver
2018-02-21 20:46:53,610 - __main__ - INFO - 28 records added
2018-02-21 20:48:08,176 - __main__ - INFO - updating records for silver
2018-02-21 20:48:09,477 - __main__ - INFO - updated today's record
2018-02-21 23:46:22,913 - __main__ - INFO - updating records for gold
2018-02-21 23:46:28,117 - __main__ - INFO - 1 records added
2018-02-21 23:46:34,203 - __main__ - INFO - updating records for gold
2018-02-21 23:46:35,473 - __main__ - INFO - updated today's record
2018-02-22 19:44:53,796 - __main__ - INFO - initial run...
2018-02-22 19:44:53,810 - __main__ - INFO - adding records for gold
2018-02-22 19:44:57,282 - __main__ - INFO - 25 records added
2018-02-22 19:45:04,172 - __main__ - INFO - initial run...
2018-02-22 19:45:04,173 - __main__ - INFO - adding records for silver
2018-02-22 19:45:07,486 - __main__ - INFO - 28 records added
